<?xml version='1.0'?>
<ns2:test-suite xmlns:ns2='urn:model.allure.qatools.yandex.ru' start='1660028687893' stop='1660028711550'>
    <name>e-shop go to card page</name>
    <title>e-shop go to card page</title>
    <test-cases>
        <test-case start='1660028687894' status='failed' stop='1660028711490'>
            <name>should add elements to cart</name>
            <title>should add elements to cart</title>
            <labels/>
            <parameters/>
            <steps/>
            <attachments/>
            <failure>
                <message>Timed out retrying after 4000ms: Expected to find element: `.produkt_list`, but never found it.</message>
                <stack-trace>AssertionError: Timed out retrying after 4000ms: Expected to find element: `.produkt_list`, but never found it.
                    at Function.clickAddProduct (http://automationpractice.com/__cypress/tests?p=cypress\e2e\automation_practice\automation_practice.cy.js:270:8)
                    at Context.eval (http://automationpractice.com/__cypress/tests?p=cypress\e2e\automation_practice\automation_practice.cy.js:139:35)</stack-trace>
            </failure>
        </test-case>
    </test-cases>
</ns2:test-suite>